['ssh', 'sar7@uf01.cs.ualberta.ca', 'pkill', 'python']
1
['ssh', 'sar7@uf02.cs.ualberta.ca', 'pkill', 'python']
1
['ssh', 'sar7@uf03.cs.ualberta.ca', 'pkill', 'python']
1
['ssh', 'sar7@uf04.cs.ualberta.ca', 'pkill', 'python']
1
['ssh', 'sar7@uf05.cs.ualberta.ca', 'pkill', 'python']
1
['ssh', 'sar7@uf06.cs.ualberta.ca', 'pkill', 'python']
1
['ssh', 'sar7@uf07.cs.ualberta.ca', 'pkill', 'python']
1
['ssh', 'sar7@uf08.cs.ualberta.ca', 'pkill', 'python']
1
['ssh', 'sar7@uf09.cs.ualberta.ca', 'pkill', 'python']
1
['ssh', 'sar7@uf10.cs.ualberta.ca', 'pkill', 'python']
1
['ssh', 'sar7@uf11.cs.ualberta.ca', 'pkill', 'python']
1
['ssh', 'sar7@uf12.cs.ualberta.ca', 'pkill', 'python']
1
['ssh', 'sar7@uf13.cs.ualberta.ca', 'pkill', 'python']
1
['ssh', 'sar7@uf14.cs.ualberta.ca', 'pkill', 'python']
1
['ssh', 'sar7@uf15.cs.ualberta.ca', 'pkill', 'python']
1
['ssh', 'sar7@uf16.cs.ualberta.ca', 'pkill', 'python']
1
['ssh', 'sar7@uf17.cs.ualberta.ca', 'pkill', 'python']
1
['ssh', 'sar7@uf18.cs.ualberta.ca', 'pkill', 'python']
1
['ssh', 'sar7@uf19.cs.ualberta.ca', 'pkill', 'python']
1
['ssh', 'sar7@uf20.cs.ualberta.ca', 'pkill', 'python']
1
['ssh', 'sar7@uf21.cs.ualberta.ca', 'pkill', 'python']
1
Auction Request - Starting New Process
Number of auctions : 15
B386B6A69FBAFBC2 '25 Voucher Bids' 801F495651341178 '25 Voucher Bids' D37B1F01F17D5686 '$15 Home Depot Gift Card' 28FFB2AE488A4585 'Gold &amp; 1/4 Cttw. Diamond Wedding Band' 88C1737E0F2D0F02 '15 Voucher Bids' A5C4BDAFB9A694B2 '$15 ExxonMobil Gift Card' 1E66631E2F42092F '$50 Sears Gift Card' 5E294937400C83D3 '25 Voucher Bids' 399F335A30F4D9E0 '250 Voucher Bids' 18B9FC94FB0E28AA 'Swarovski Elements Huggie Hoops + 1X Gameplay' C845CE8A609B870A '15 Voucher Bids' C5FC1D7A7EDF76AE '15 Voucher Bids' 16DDF13DDA11F750 '50 Voucher Bids' 08E46EE2ECD18541 '$25 Home Depot Gift Card' 98CA718CB389F680 'Apple iPod Shuffle 2 GB' 
###################
Auction Request - Starting New Process
Number of auctions : 15
B7C71CB38A219BE6 '50 Voucher Bids' 6CF03749E62C77CF '15 Voucher Bids' A5487001199C4305 '$25 Walmart Gift Card' 1DD7B9DD68991960 '50 Voucher Bids' 13DDE1888E5BF490 '15 Voucher Bids' F8ED5600D6B06B39 '$50 Chili&apos;s Gift Card' DC5ABC77BF159F22 '50 Voucher Bids' 644E903ED49F7E80 '$50 Walmart Gift Card' 9BBE003868F42B96 '250 Voucher Bids' E4997020A720A047 '25 Voucher Bids' 83E3F6127D7199DF '15 Voucher Bids' 239370965CE5CB8F '15 Voucher Bids' DC0B61768EE60190 'Cuisinart Duet Blender &amp; Food Processor' E377F0ED12A7D1EB 'Swarovski Elements Pear Shaped Pendant' A478914A364BDC9E '15 Voucher Bids' 
###################
Auction Request - Starting New Process
Number of auctions : 10
F94D33F7E913B18B 'Cuisinart 10-Inch Cast Iron Round Fry Pan - Provencal Blue' 89AF45FF0C7650DA 'Le Chef Baking &amp; Chafing Dish Set' C0228D8BFB60BC6D '25 Voucher Bids' 180F246B55225C91 '25 Voucher Bids' 78DD7B475B1CF67A 'Microfiber Reversible 3-Piece Pillow Set' 8AEA0083EE1276F8 '25 Voucher Bids + 1X Gameplay' 8F1ECD0C9D7742E4 '25 Voucher Bids' 87DAE9321EDC854A '25 Voucher Bids' DE3B728D1E3763B2 '$10 Bass Pro Gift Card' 914EBCB0C54148F9 '15 Voucher Bids' 
###################
Auction Request - Starting New Process
Number of auctions : 15
A59609E9B0D09360 '$15 Walmart Gift Card' 2253EE12E3B9DEA4 'Midland 7 Channel Alert Radio' D25203B8A5365B25 '$10 Bass Pro Gift Card' 35B18983D575E73D 'Toggle Pave Heart Necklace' 0073E34B6EB36937 '25 Voucher Bids' 56213E5A888A3137 'Lasko Ceramic Thermostat Control Heater' 49E0F91EF6084474 '$25 Home Depot Gift Card' 7E9D9D25B4B33D50 'Klipsch Image S4i Headphones' 1BC6A4102F3F3C8B 'Sterling Silver 3-Row Pearl Necklace + 1X Gameplay' 6CBC0CE13990CB39 '100 Voucher Bids' 9515228DAB412FA1 '100 Voucher Bids' 265DA79445EAF430 '50 Voucher Bids' 87FE03173ED7750D '15 Voucher Bids' 2D8BE5857F8A7F0F '25 Voucher Bids' EE56F70E75408580 '15 Voucher Bids' 
###################
Auction Request - Starting New Process
Number of auctions : 15
6FE36BD21F4C75BF '50 Voucher Bids' C3FDC47447297223 '15 Voucher Bids' 8857954E2CCC0730 '25 Voucher Bids + 1X Gameplay' 3A7AEC503D976952 '15 Voucher Bids' F851E0C34EA583FF '25 Voucher Bids' 86914CD53856E189 '15 Voucher Bids' D337A616C03514FB 'Swarovski Elements Pear Shaped Pendant' 5489E899C8CA69EA '$10 Bass Pro Gift Card' B0D920BA6E2913C1 '$25 Subway Gift Card' 95AF01984DEC4687 'Trident APIPH5 iPhone 5 Apollo Case' 629C6684C8C844F3 'Continental Electrics CE23841 Waffle Maker' 8197B3A52D3E5D83 'Monopoly' 32846DD76DEE895B 'Nintendo Land' D8E1DFFC0E0DDA66 '25 Voucher Bids' 0A832AEAFA21E78B '15 Voucher Bids' 
###################
Auction Request - Starting New Process
Number of auctions : 15
85CFFF15B9057AD4 '$50 Home Depot Gift Card + 1X Gameplay' D14C4F5AEDBCFA39 'Bona WM710013359 Floor-Care System' 09E8A8DDB10C5DE0 '$25 Kohl&apos;s Gift Card' AAFEC6C992897D52 '15 Voucher Bids' B46A24D89626EDF4 '50 Voucher Bids' 6C1FF0084ECBFA46 '100 Voucher Bids' 85EC1DCEC34A3F09 '50 Voucher Bids' 8A086953EF4B5689 '$15 Home Depot Gift Card' F6407E12906D402D '15 Voucher Bids' 397D2AC4E0A3B7EE 'Ballistic LS0955-M985 LS Smooth Case for iPhone 5 + 1X Gameplay' 08939F3FB6C2A13E '25 Voucher Bids' DC5E5E03EDF7C1FE 'Toggle Pave Heart Necklace' A1B54E7449CF2D4D '15 Voucher Bids' A383FD9FDC19AB3A 'Uncle Milton Fireworks Light Show' 795F4AB72A09B839 '100 Voucher Bids' 
###################
Auction Request - Starting New Process
Number of auctions : 15
782E9D24EEF87920 '25 Voucher Bids' BAEE703D3F5308E0 'Black &amp; Decker Toast-R-Oven' 45E6B16DE43067C9 '25 Voucher Bids' 11BC46BB939706CA '15 Voucher Bids' 1604030C1E852FAA 'Continental Electrics Waffle Maker' 2AC71B8E5C9BA5A9 '15 Voucher Bids' FAEA70D899B0F724 'Cuisinart 5-Speed Juice Extractor' 107857D1AE0E1C28 '$25 Home Depot Gift Card' 7405DB7957FEE5EB '15 Voucher Bids' 1FBF86033CCD7EC8 '25 Voucher Bids' B9C1794DC3249ED7 '15 Voucher Bids' 763E32670960F0E9 'Cuisinart Classic Cookware, 7-Piece Set' 721E95FB34D989B8 '50 Voucher Bids' A4A37E79C741925A '50 Voucher Bids' BEED8ADE87594CA4 '25 Voucher Bids' 
###################
Auction Request - Starting New Process
Number of auctions : 13
DE62383A777E412E 'XtremeMac IPUMDK11 3-in-1 MicroDock' 053C6168BDAAA096 'OmniMount Tria 1 B - 1 Shelf Wall Furniture + 1X Gameplay' AB317639B89D261F '250 Voucher Bids' F9F3A962D7C968BC '25 Voucher Bids' D33B74BB41597E4C 'Smart Planet Mini Cupcake Maker' 1962286DF0116DB0 'Xbox 360 Live 1600 Points Card' 5D5B24F29B301B68 '$50 On the Border Gift Card' 41DAB178DF0B3D52 '25 Voucher Bids' 96EBD8201F60A50F '100 Voucher Bids' 4E619A2D4A8E703D '$50 Home Depot Gift Card' 1C7D22E0D5EFA025 '15 Voucher Bids' E268BA94C3E124B0 'Monopoly' C4428C6098E3BAC2 '50 Voucher Bids' 
###################
Auction Request - Starting New Process
Number of auctions : 15
9737EC3CC6334DD6 '15 Voucher Bids' DC4F81F7AC7B7B3A '25 Voucher Bids' F1EBCFC25DA758FA '50 Voucher Bids' 0045C472D67F5FD5 '.10 Cttw. Spiral Diamond Ring' 96B181F1CE0FBDC1 '100 Voucher Bids' 7C70D7CB2BECB623 '15 Voucher Bids' 09BB7C4A0D10D555 '25 Voucher Bids' C4DCAA89708B0A10 '$15 Home Depot Gift Card' 2D495BCD38C0D981 'Ninja Kitchen System Pulse Blender' FA335D80F53FE189 '15 Voucher Bids' 8E06C52C7C932116 'iSound GoSound DRM16 Portable Speaker' FA61D7113E3E08FE '$10 Walmart Gift Card' 8DBC8C3217FAB6B3 '25 Voucher Bids' DAA1F0414096941E '$25 Subway Gift Card' DB61B848FB9F8BC1 'Nikon COOLPIX S3300 16MP Camera' 
###################
Auction Request - Starting New Process
Number of auctions : 14
87F25B1F4669FEDE '$25 Staples Gift Card' 3CAF5BF9210B21D2 'Cuisinart 4-Slice Touch-To-Toast Toaster' BABBB53440E1470F '$25 Subway Gift Card' BD79013158C26BEE '15 Voucher Bids' 004B0CCF794866B5 '$25 Kohl&apos;s Gift Card' 775D195D6673C7EF '15 Voucher Bids' D25595BE809DBF58 '25 Voucher Bids' E0DC1EA5D7C434D6 '50 Voucher Bids' 6CDE0E00C7BEC2B6 'Hawkspy LT-712 16&quot; RC Helicopter' 5CA43664AB7F38A1 '25 Voucher Bids' 1A1A5039523C15B4 'Continental Electrics Waffle Maker' 1F5C09DCC20CFB11 'Kingston 3 Pack 8GB USB Flash Drive' 7FFE097429A4C9D9 '25 Voucher Bids' 39D2D334A47C3E7A 'Toshiba Tecra R940-S9430 14&quot; i5 Laptop' 
###################
Auction Request - Starting New Process
Number of auctions : 15
C26F92194F68BA07 '25 Voucher Bids' E13A4EA990A63FBE '$25 CVS/Pharmacy Gift Card' 08A9D3A72A5374A0 'Swarovski Elements Charm Bracelet' D2F0EB12AE7BF19A '15 Voucher Bids' 7807F13E0133C3A9 'Stanley 1.1-Qt. Classic Vacuum Bottle' 4E13B79CC887E9A2 '50 Voucher Bids' 3A6CED3B1E7CF5D9 '100 Voucher Bids' 21137AFC8E7C2BEA '100 Voucher Bids' 62F68C95430D9E1A 'Cuisinart 3-Disc Holder' BC9022DD8DF0B77E '25 Voucher Bids' 12B6540AE2554839 '$25 Home Depot Gift Card' AD850764BFB64E2D 'Cuisinart Duet Blender &amp; Food Processor' 554C8EDD18F2CAE1 '25 Voucher Bids' ACD916AFBE8563BD '15 Voucher Bids' 94049EFE556F281E '$50 Walmart Gift Card' 
###################
Auction Request - Starting New Process
Number of auctions : 14
99EE3A40AA3B978A 'Clever &amp; More Champagne Bottle Stopper' 96307425E8C4A4E4 '25 Voucher Bids' 1816811E73065D1A '25 Voucher Bids' AAF51468BD27F54C 'OmniMount Tria 1-Shelf System' 265F5DD4C7F16DB5 'OtterBox Droid Razor Commuter' 802D11AC56126613 '250 Voucher Bids' 62BCE16AC8201C1B 'F3 Brands Workbench' 0667C9DC93A164F0 'Swarovski Elements Cushion Cut Pendant' 8A66952FD7199FED '25 Voucher Bids' 50508BBEF16AFB8C '$50 Zale&apos;s Gift Card' 48652050B4202BF8 '15 Voucher Bids' BC6B7070FCDC4753 'Cuisinart 6-Qt. Electric Pressure Cooker' CC43792CEA678A7B '15 Voucher Bids' 87B16C2E598AA382 '50 Voucher Bids' 
###################
Auction Request - Starting New Process
Number of auctions : 12
319E60A1762D0322 'Whistler XTR-130 Laser-Radar Detector' C28ED0313F66BDE7 '25 Voucher Bids' 924F5B1B2E4D6AFD '15 Voucher Bids' A7FE3880D4EE01C0 '15 Voucher Bids' 16B7547BD8E1EBB4 '$25 Subway Gift Card' BDDF20168CF02C3D '$50 Shell Gift Card' 66F6549068D10919 '15 Voucher Bids' 976F063388551CE6 '$50 Chili&apos;s Gift Card' 90FD09104A18DDCC 'OtterBox Droid Razor Commuter' 2DD01B904E245A54 '25 Voucher Bids' 01138100244195EA 'Call of Duty: Black Ops II' 78274144F3A3A99A '25 Voucher Bids' 
###################
Auction Request - Starting New Process
Number of auctions : 15
51403A76A510A3A1 '15 Voucher Bids' 28D54BE6EAB6299B '100 Voucher Bids' 739FC8F8FD3FAC08 '15 Voucher Bids' 718F0A7FA409CE88 '25 Voucher Bids' F72D831B2E0214EF '$50 Home Depot Gift Card' E2D6F98077FE3391 '15 Voucher Bids' CB92E46F8D153116 '$50 Home Depot Gift Card' 31C900F4D0D6BDCC '25 Voucher Bids' 77EC6AB2D7BEFA11 '25 Voucher Bids' 2F87616842EC75CA 'Monopoly' 42903B8ADDB2BBFF '25 Voucher Bids' 60980B228ECE4109 'Stanley 1.1-Qt. Classic Vacuum Bottle' 969F21A0F7A01133 '25 Voucher Bids' B169038973055125 'Assassin&apos;s Creed III' E14BD9497B3CA12B 'Swarovski Elements Charm Bracelet' 
###################
Auction Request - Starting New Process
Number of auctions : 13
C79333E7F900B7FD '15 Voucher Bids' BAB183A681E53EC5 '25 Voucher Bids' 8CD2A7A09DD37463 'Clever &amp; More Champagne Bottle Stopper' 3E1946CD04934103 '50 Voucher Bids' DCCBBCA0EE1BCB14 '25 Voucher Bids' 55E3D76ACC96B722 '50 Voucher Bids' 5DA2DC7199D86061 'Trident APIPH5 iPhone 5 Apollo Case' 5EAD3CDCFAB6793F 'OmniMount Tria 1-Shelf System' FDD21D2A9525FA13 '100 Voucher Bids' B4137ECD04ACB283 '$15 Home Depot Gift Card' 9E853EB0D1C06729 '15 Voucher Bids' FBDDC1E9D06DABEC 'Cuisinart Supreme Automatic Burr Mill' D4AA2A64BEC7368C '$10 Walmart Gift Card' 
###################
Auction Request - Starting New Process
Number of auctions : 14
D17CC55AF25102CA '$15 ExxonMobil Gift Card' 3AB1ECEC5F1F50BF '100 Voucher Bids' C186D77B6D895C5B 'Canon G15 12.1 MP Digital Camera' 41B926E7B5066A26 'Method Longboards - BoomSlang Bamboo' 703947E53A843AC8 '250 Voucher Bids' 626448B629C75006 '$10 Bass Pro Gift Card' 01A5731BA44804BA '25 Voucher Bids' 56A6A194E1104B26 'Cuddly Wrap Throw' E33D2533255E24C3 'Boss B007 Hide A Back Chair' 7CFB84ADB1A8A354 '25 Voucher Bids' 8D6159111838E710 '50 Voucher Bids' 81C87B691326177C '15 Voucher Bids' 35C04000DD1718DF '25 Voucher Bids' 2E2DE32D882A2C4F 'Halo 4' 
###################
Auction Request - Starting New Process
Number of auctions : 15
48FD4FC226BA9F0D '$15 Walmart Gift Card' D647E4FDC8398353 'Cuisinart 4-Slice Touch-To-Toast Toaster' CEB22367C0910FD1 '50 Voucher Bids' 0D54BBA9EE542BA1 '50 Voucher Bids' 4AC875073F7A7B11 'Ion Audio iPTUSB Portable USB Turntable' 7A5E63E5D6BF3001 '$10 Applebee&apos;s Gift Card' 20B1763B284FB287 '15 Voucher Bids' 721F8C6A1B387184 '100 Wood Blocks Set' 689B7E91B002A11B '15 Voucher Bids' 4E74097E8C112922 'Tumbler DMY616 Egg Shape Mini Speaker' FAF44531C46C8127 '25 Voucher Bids' CA6A5696D5FCC99C '15 Voucher Bids' 3D4BD8CA2AE397D5 '$25 Kohl&apos;s Gift Card' 8C15D508AA20E70D 'Emeril 4-Piece Jumbo Steak Knife Set' 31FE76DB2A8CDEC1 '$25 Subway Gift Card' 
###################
Auction Request - Starting New Process
Number of auctions : 13
F17A5D3EF6CB255B '25 Voucher Bids' 8405CB12B4B9D9AB '$25 CVS/Pharmacy Gift Card' A87CAA612E7371F5 '15 Voucher Bids' D583F18453B850E3 'NBA 2K13' 722EC72D39E50DF1 '250 Voucher Bids' 5EF1595EA72175E7 'Cuisinart Elite 12-Cup Food Processor' BDF3AA847B9A2B14 '15 Voucher Bids' CABF4AC6C63FB4FC '14k over Silver 31ct Rose Quartz Earring' F56784FA83F65777 '25 Voucher Bids' 7DB43B7958E2EBB2 '25 Voucher Bids' 801385798BBFB80A '$15 ExxonMobil Gift Card' 603E46B4F96E9CD5 '50 Voucher Bids' 282A0E38138F0246 '15 Voucher Bids' 
###################
Auction Request - Starting New Process
Number of auctions : 13
1071DA47A22CC6D2 '$50 Chili&apos;s Gift Card' 53552832BCCE80B7 '25 Voucher Bids' 8347BC01DAA46FC8 '15 Voucher Bids' E41187A74336DADC '15 Voucher Bids' 28257454E68F7C4C '25 Voucher Bids' A30192536D51C5E0 '25 Voucher Bids' 5D66DB787FB70542 '100 Voucher Bids' 0B0CF87CBDA08991 'Cuisinart 14&quot; Stainless Stir-Fry Pan' E25349F1A06CF25F 'Le Chef Silicone Baking Mat, 2 Pack' 923CA32A3E6CE258 'Cuisinart 6.5-Qt. Slow Cooker' 8BC3B113CA522C8C '$50 Zale&apos;s Gift Card' 59A65FA47D5C6B06 'Cuisinart 3-Disc Holder' E6C8AD54FBBA6397 '$50 Kohl&apos;s Gift Card' 
###################
Auction Request - Starting New Process
Number of auctions : 13
21D38E3621DC882E '25 Voucher Bids' 3374E204CF64ACE1 '100 Voucher Bids' 87DE5483F3F04DB7 '100 Voucher Bids' CC5BB9ED38D901E0 'Swarovski Elements Ball Bracelet' DCF43B10CE060142 '50 Voucher Bids' DAA99C1C38BFA4D9 'Crosley Cruiser CR8005A Turntable' 0ACF43EFC8318FB2 'Swarovski Elements Pear Shaped Earrings' 96D8270F8016340C '50 Voucher Bids' 28429EBC94019EEE '15 Voucher Bids' 7A1F83FABEC25867 'SONY MDRZX600 Over Ear Headphones' 6FB0BD6FD9D3897F '$25 Bass Pro Shops Gift Card' C33064C8BBA76C2F '25 Voucher Bids' C2B86579CFF0427B '25 Voucher Bids' 
###################
Auction Request - Starting New Process
Number of auctions : 14
DE6D1CAD659EB903 '15 Voucher Bids' 2053C4C7491DB331 'Xscape Explorer 2-Person Dome Tent' 726FD8A9AF3F20C5 '$25 Walmart Gift Card' 14AE0D47558CF11B '$25 Staples Gift Card' B500933C6706FECD '25 Voucher Bids' 709283F69987396D '25 Voucher Bids' 75D5F59D6604AAC1 '$50 AMC Gift Card+Free Popcorn Voucher' 251D01255564DFCE '25 Voucher Bids' 9DA1CAC1989D1A11 '15 Voucher Bids' 7DC4052D2104D327 '15 Voucher Bids' 163C4D914B48D42B 'Assassin&apos;s Creed III PS Vita Bundle' FC330F96D03F3006 '$15 ExxonMobil Gift Card' 9A12EDF1BFC85E5A 'Tough Scale USB10 10LB Postal Scale' 6DC56A3964967454 '25 Voucher Bids' 
###################
Auction Request - Starting New Process
Number of auctions : 14
0BC84FCC5B7A9AFD 'Sennheiser HD201 Stereo Headphones' C8E70D530172D224 '25 Voucher Bids' B1C1EC312F2E3574 '50 Voucher Bids' EE8C132ABC47179F '$25 Walmart Gift Card' D80C2CE3E366F0F1 'Apple MacBook Air MD223 1.7GHz i5 Laptop' 21887ECF804B9762 '15 Voucher Bids' 0FE6AC2AD36EF93D '25 Voucher Bids' DB0EF42363151028 'Jensen JCR-275 Alarm Clock Radio' 2597ECB8B16BBCFE '$50 Dave &amp; Buster&apos;s Gift Card' 0EE8E7A5E7FD1009 'Euro-Pro Ninja Professional Blender' 48278F6A8A8C9AAA 'Apple iPad Wi-Fi 16GB 4th Gen' 58CA21782A1DFCE6 '15 Voucher Bids' 3D1F307F60549B6E '25 Voucher Bids' 037F4FD0AA9CB8FF 'Magellan RoadMate 2045T-LM Portable GPS' 
###################
Auction Request - Starting New Process
Number of auctions : 15
CC83889F344D3338 '15 Voucher Bids' 788F2E04C691BD35 'ION Audio DGUSB Discover Guitar' D669DEDDE441A78F 'OtterBox Droid Razor Commuter' 0E22BC4D142B1EC9 'Cuisinart 6-Qt. Electric Pressure Cooker' 7E2C5044F2AA68EB 'Conair 2&quot; Spin Air Brush' EE37A1225278C9D4 '25 Voucher Bids' 738BEC2CC89F9780 '$10 Applebee&apos;s Gift Card' 755297005705707B '$25 Chili&apos;s Gift Card' BD77E5DB02702ABE '25 Voucher Bids' 7D32EFBEB34C8980 '15 Voucher Bids' AE5336F8FE729CB0 'NBA 2K13' 1D3731EB3279F7F5 '15 Voucher Bids' 65244831795A524A '15 Voucher Bids' A0793FEBC5C85BAE 'Odyssey 12&apos;&apos; Gyro Stealth 6 Helicopter' 78D598C152555B25 '15 Voucher Bids' 
###################
Auction Request - Starting New Process
Number of auctions : 15
70F6D85EF98F6E70 '25 Voucher Bids + 1X Gameplay' 832A17C2EF726B50 '25 Voucher Bids' F8393CF1A1DB51B9 '15 Voucher Bids' 3627BDC9CC08EF0C '15 Voucher Bids' CD3A8CF9BBFE52B7 '$50 Walmart Gift Card' C09A9279332F2284 '15 Voucher Bids' BEA73D2B880E4F8C 'Ballistic LS0955-M985 iPhone 5 Case' 413608809B3FF7A7 '$25 Walmart Gift Card' B0A0538028F96F33 '15 Voucher Bids' 5C38FBBB7DAB5C4B 'Xbox 360 Live 1600 Points Card' 0D120DAE81B103B7 'Maverick LED Grill Light Mount' 753B77353A4ABA31 '$50 AMC Gift Card+Free Popcorn Voucher' DB93878A962466E7 '25 Voucher Bids' 4840A19C6309A3A7 '50 Voucher Bids' A0C05D370E8B6CD1 'Michael Kors Oversized Acrylic Watch' 
###################
Auction Request - Starting New Process
Number of auctions : 15
412903FFC313ED3B 'John N. Hansen Strato 3D Chess Game' 27F2702B58D4760B '25 Voucher Bids' CD57486232D5C27C '25 Voucher Bids' FFB84196B5F7CCB1 '25 Voucher Bids' 3CDCE32E17322613 '15 Voucher Bids' E4484BA6F5DF66C2 '$50 Chili&apos;s Gift Card' F59D03C3DFC4C2AC '$50 Shell Gift Card' 69DE66D343C46313 '15 Voucher Bids' 14A432A2E87BE0DA '$15 Walmart Gift Card' 7D65A76633E02FBD '25 Voucher Bids' C8C8CBAF0BD7D488 '15 Voucher Bids' 857CFC829D9E2F2E '$10 Applebee&apos;s Gift Card' DB3186806EFFE739 'Monopoly' 29C632BE5B79FC0D '15 Voucher Bids' 2D6EB9FB5C860502 '$25 Walmart Gift Card' 
###################
Auction Request - Starting New Process
Number of auctions : 9
444745A2ABBC6BCE 'RC 4WD Drift Racing Car-Power Slide King' 34C6F6A84E798666 '100 Voucher Bids' 520973352E32242D '250 Voucher Bids' CCBCDA591A47B8A1 '25 Voucher Bids' E31B244BEF5FD635 '25 Voucher Bids' B8C9B243D185B384 'Rawlings Gold Gamer Glove' 8F4DE6895F414021 '15 Voucher Bids' 9571941383192F2D 'Le Chef Silicone Baking Mat, 2 Pack' E0815DBE9F08C364 'Concept 32-LED Solar Security Light' 
###################
Auction Request - Starting New Process
Number of auctions : 12
E466C6197DB8AC1C '$10 Walmart Gift Card + 1X Gameplay' 3A15A2B58D0700D7 'Ballistic LS0955-M985 LS Smooth Case for iPhone 5 + 1X Gameplay' DBDEA44CCA81ECE6 '$25 Kohl&apos;s Gift Card' D786BEB334B36037 '15 Voucher Bids' E94D3359938FF8DE '15 Voucher Bids' 21703015C0646290 'SS Swarovski Elements Eternity Band' A41406BB40534B6B '25 Voucher Bids' 08E57A2BFFA0E0DA 'AZiO KB577U Levetron Mech5 Mechanical Gaming Keyboard' 1CC0A3212C0EF626 '100 Voucher Bids' 51EB8A20B0100A16 'Cleveland Golf 588 Forged Wedge' C23D096B9407BA9B '15 Voucher Bids' B833A5F67F28C452 '15 Voucher Bids' 
###################
Auction Request - Starting New Process
Number of auctions : 15
CCAAD9DD44C9C67A '15 Voucher Bids + 1X Gameplay' F55C56C6E5769B25 '$15 Home Depot Gift Card' 1DE9B6B0884228EE '$25 Walmart Gift Card' 699E14D1E82890C2 '25 Voucher Bids' A2C7816392B5721C '100 Voucher Bids' 377721454E6F7D02 '25 Voucher Bids' E7ED419C985662F8 '50 Voucher Bids' 3C29023D04B9F1A4 '15 Voucher Bids' 4F06B381F6F99048 'Lodge 2HHC2 2-Piece Hot Handle Holder Set' C4A45C7B3B6C126D '50 Voucher Bids' E4A2B4C1B2EBD138 '50 Voucher Bids' 1D6B9AD78225A72C 'Cuisinart 12-Quart Stockpot &amp; Cover' C2BA0751DC8FCC15 'Cuisinart Supreme Ice Cream Maker' 3E59F94DA0A94E41 'John N. Hansen Strato 3D Chess Game' 90EB95E53E276D47 '15 Voucher Bids' 
###################
Auction Request - Starting New Process
Number of auctions : 14
674EBC6F9E52D11F '15 Voucher Bids' F16B2242A9B1B896 'Smart Planet Mini Cupcake Maker' E9388B0AF66241B8 '15 Voucher Bids' 052BCF464C337742 '25 Voucher Bids' F578668676BF557D '15 Voucher Bids' 8ABEA3C68D7E42F7 '15 Voucher Bids' F3728D254B6CE355 '$25 CVS/Pharmacy Gift Card' F0C23E501A120212 '25 Voucher Bids + 1X Gameplay' 919FD5F107E2B8C1 'Lasko Ceramic Utility Heater' 830E5C18D9F332FA '$50 Outback Steakhouse Gift Card' 90BD35C35210D0A3 '15 Voucher Bids' 5FD43771D0C50A72 'Black &amp; Decker Cordless Drill Kit' 4BD7989537BA36D4 'Clever &amp; More Champagne Bottle Stopper' 718E7C9F5773DDAD '$15 Home Depot Gift Card' 
###################
Auction Request - Starting New Process
Number of auctions : 15
05250FD0D2C0A9FF '25 Voucher Bids' B2D5D5672B6D40A6 '15 Voucher Bids' C418F86B004FAB55 '$25 Home Depot Gift Card' 0212F5EFA1D9F1AC '$25 Dillard&apos;s Gift Card' F98548B8BB770E70 '15 Voucher Bids' EBA41E6B1EEB9A52 '15 Voucher Bids' 2F967FEB9103AF1F '$50 Walmart Gift Card' 7FE302E40ECEB1F4 '15 Voucher Bids' 7DBD70343C5A8270 '15 Voucher Bids' 81B9F9668D532646 'Continental Electric 1.2-Qt. Deep Fryer' EF9A584F6BD18471 '25 Voucher Bids' 768E7A4975DBC0DF 'Cuisinart SmartStick Hand Blender' 174DE0DBC3F2C012 'Cuisinart 6-Qt. Electric Pressure Cooker' A56443958ECEC965 '50 Voucher Bids' 87143490F8D54156 'Waring Pro Stainless Steel Food Slicer' 
###################
Auction Request - Starting New Process
Number of auctions : 11
8021B991992E1376 '25 Voucher Bids + 1X Gameplay' 86D060F1C885D530 '25 Voucher Bids' 12E9B2D734199A0D '25 Voucher Bids' 81F1E50D2A3A6651 'Cuisinart 3-Disc Holder' 4D129D67758EF7AF 'Cuisinart 3-Disc Holder' B27C83FA065E6486 'Clever &amp; More Champagne Bottle Stopper' 38514DD04BD8FC73 'Nike Women&apos;s Thermal Half Zip Jacket' EC7DB9D66652046E '$50 Outback Steakhouse Gift Card' E98756E38E223337 '25 Voucher Bids' 573BA9F504D4B6FC '15 Voucher Bids' 49A8F31E7541DE13 'Assassin&apos;s Creed III' 
###################
Auction Request - Starting New Process
Number of auctions : 14
9740A4B9BA55F002 '$25 CVS/Pharmacy Gift Card + 1X Gameplay' 1D247A482E626CE6 '15 Voucher Bids' E369DD27B5A57476 '100 Voucher Bids' 0EA5E1AAAA6DB92A '250 Voucher Bids' F800D2FA862FBB19 'Assassin&apos;s Creed III' 54EB41649D3EEAD1 'Klipsch Image S4i Headphones' 2DB13F8568E642FE '15 Voucher Bids' 8F32E8C00699EEED 'Maverick GL-200 LED Grill Light Mount' 51689BDF5EC263D5 '$15 Walmart Gift Card' A21EA7EB007E2F45 '15 Voucher Bids' 8983135F0CA555F2 '25 Voucher Bids' 68DBF63D8DFDDE7F 'Trident APIPH5 iPhone 5 Apollo Case' C4E2DED6EADEA679 '25 Voucher Bids' 964A606D1331063B '25 Voucher Bids' 
###################
Auction Request - Starting New Process
Number of auctions : 15
D68FE8D05AA86D0E '$50 Applebee&apos;s Gift Card' A38E3E6FA8A5BD7A '25 Voucher Bids + 1X Gameplay' 03C89BA070E3DB7B '50 Voucher Bids' 71E6489BEA9FAA5E '25 Voucher Bids' F69251E7ED7D5718 '15 Voucher Bids' 577644CB3F90B31B '25 Voucher Bids' EF8338D1CCBFCB39 '$25 Walmart Gift Card' B230F7418FCACC13 '$15 Walmart Gift Card' C54F3AB5C3BFBE2E 'Stanley 69-Piece Tool Set - Black Chrome' 2954C841FAFF4875 '15 Voucher Bids + 1X Gameplay' C4F570E9C69FFEFB 'Nautica Multi-Color Martini Glasses' 3C87DAC5496B154C '$50 Zale&apos;s Gift Card' BB53CC3F9223F0F0 '15 Voucher Bids' 50DFD9D791DDEB56 'Apple iPod Shuffle 2 GB' FEA59CB41E37CF3E '$50 AMC Gift Card+Free Popcorn Voucher' 
###################
Auction Request - Starting New Process
Number of auctions : 15
FFF500C1D44963B6 '15 Voucher Bids + 1X Gameplay' 0A85DA21F7F73444 '25 Voucher Bids' F28544702412DAC4 '$25 Outback Steakhouse Gift Card' 350950A3D41DF36D 'Lasko Ceramic Utility Heater' B2DD0D1DFE5958A5 'Panasonic TCL32X5 32&quot; 720P LED HDTV' 1F4E8E4618CC4627 '$10 Kohl&apos;s Gift Card' 0E02D4515901D94E 'Toshiba Tecra R940-S9430 14&quot; i5 Laptop' 4EF0069C263AFD25 '25 Voucher Bids' B63959913AAAB1BE 'Kalorik Meat Slicer' 4E234BEB188D9E7E 'Aluratek ATST01F Universal Tablet Stand' 94D99D400689E7E5 '15 Voucher Bids' 7B3506103B9B9EDA '15 Voucher Bids' 7D56635E18975698 '15 Voucher Bids' 9D334F9A2DE6D09F 'Sony CyberShot HX10V 18MP Digital Camera' E7EC7927C41B2146 '25 Voucher Bids' 
###################
Auction Request - Starting New Process
Number of auctions : 13
1B39ACCA6AC7E37C '25 Voucher Bids' 5E5C4E212EF03C06 'Swarovski Elements Huggie Hoops + 1X Gameplay' 767ED7F3FA0DA94D '15 Voucher Bids' 3A320FFDFB86EA28 'Stanley 69-Piece Tool Set' EEE24B148858F8A1 'Black &amp; Decker Cordless Drill Kit' 21E1975F37678021 'Wahl Custom Shave System' C66118E9344F46FA '25 Voucher Bids' EFF617AC2BB2F09D '$50 Bas